<?xml version="1.0" encoding="UTF-8"?>
<!-- Generated by org.testng.reporters.JUnitReportReporter -->
<testsuite hostname="STIPL-SMBD0080" failures="0" tests="3" name="day7.Athuentications" time="4.121" errors="0" timestamp="2024-10-28T13:34:46 IST" skipped="0">
  <testcase classname="day7.Athuentications" name="testAPIKeyAuthentication" time="1.776"/>
  <system-out/>
  <testcase classname="day7.Athuentications" name="testDigestAuthentication" time="1.861"/>
  <system-out/>
  <testcase classname="day7.Athuentications" name="testApikeyAuthentication" time="0.484"/>
  <system-out/>
</testsuite> <!-- day7.Athuentications -->
