<?xml version="1.0" encoding="UTF-8"?>
<!-- Generated by org.testng.reporters.JUnitReportReporter -->
<testsuite hostname="STIPL-SMBD0080" failures="0" tests="1" name="day3.LoggingDemo" time="2.181" errors="0" timestamp="2024-10-22T15:42:12 IST" skipped="0">
  <testcase classname="day3.LoggingDemo" name="testLogging" time="2.181"/>
  <system-out/>
</testsuite> <!-- day3.LoggingDemo -->
