<?xml version="1.0" encoding="UTF-8"?>
<!-- Generated by org.testng.reporters.JUnitReportReporter -->
<testsuite hostname="STIPL-SMBD0080" failures="0" tests="1" name="day3.PathAndQuerry_Parameters" time="2.306" errors="0" timestamp="2024-10-29T16:01:07 IST" skipped="0">
  <testcase classname="day3.PathAndQuerry_Parameters" name="testpathAndQuerryParameters" time="2.306"/>
  <system-out/>
</testsuite> <!-- day3.PathAndQuerry_Parameters -->
