<?xml version="1.0" encoding="UTF-8"?>
<!-- Generated by org.testng.reporters.JUnitReportReporter -->
<testsuite hostname="STIPL-SMBD0080" failures="0" tests="1" name="day3.CookiesDemo" time="2.368" errors="0" timestamp="2024-10-22T15:07:53 IST" skipped="0">
  <testcase classname="day3.CookiesDemo" name="getCookies" time="2.368"/>
  <system-out/>
</testsuite> <!-- day3.CookiesDemo -->
