<?xml version="1.0" encoding="UTF-8"?>
<!-- Generated by org.testng.reporters.JUnitReportReporter -->
<testsuite hostname="STIPL-SMBD0080" failures="0" tests="2" name="day2.WaysToCreatePostRequestBody" time="2.424" errors="0" timestamp="2024-10-22T12:45:13 IST" skipped="0">
  <testcase classname="day2.WaysToCreatePostRequestBody" name="testPostUsing_External_JsonFile" time="2.380"/>
  <system-out/>
  <testcase classname="day2.WaysToCreatePostRequestBody" name="testDelete" time="0.044"/>
  <system-out/>
</testsuite> <!-- day2.WaysToCreatePostRequestBody -->
