<?xml version="1.0" encoding="UTF-8"?>
<!-- Generated by org.testng.reporters.JUnitReportReporter -->
<testsuite hostname="STIPL-SMBD0080" failures="0" tests="1" name="day6.JSONSchemaValidation" time="1.598" errors="0" timestamp="2024-10-23T12:06:51 IST" skipped="0">
  <testcase classname="day6.JSONSchemaValidation" name="testJsonSchemaValidation" time="1.598"/>
  <system-out/>
</testsuite> <!-- day6.JSONSchemaValidation -->
