<?xml version="1.0" encoding="UTF-8"?>
<!-- Generated by org.testng.reporters.JUnitReportReporter -->
<testsuite hostname="STIPL-SMBD0080" failures="0" tests="1" name="day3.HeadersDemo" time="1.697" errors="0" timestamp="2024-10-22T15:35:04 IST" skipped="0">
  <testcase classname="day3.HeadersDemo" name="getHeaders" time="1.697"/>
  <system-out/>
</testsuite> <!-- day3.HeadersDemo -->
