<?xml version="1.0" encoding="UTF-8"?>
<!-- Generated by org.testng.reporters.JUnitReportReporter -->
<testsuite hostname="STIPL-SMBD0080" failures="0" tests="4" name="day1.HTTPRequests" time="3.933" errors="0" timestamp="2024-10-29T15:40:06 IST" skipped="0">
  <testcase classname="day1.HTTPRequests" name="getUsers" time="1.846"/>
  <system-out/>
  <testcase classname="day1.HTTPRequests" name="create_User" time="1.108"/>
  <system-out/>
  <testcase classname="day1.HTTPRequests" name="update_User" time="0.394"/>
  <system-out/>
  <testcase classname="day1.HTTPRequests" name="delete_User" time="0.585"/>
  <system-out/>
</testsuite> <!-- day1.HTTPRequests -->
