<?xml version="1.0" encoding="UTF-8"?>
<!-- Generated by org.testng.reporters.JUnitReportReporter -->
<testsuite hostname="STIPL-SMBD0080" failures="0" tests="1" name="Api_Test_Validations.Api_Testing_Validations" time="1.365" errors="0" timestamp="2024-10-24T16:55:40 IST" skipped="0">
  <testcase classname="Api_Test_Validations.Api_Testing_Validations" name="testApi" time="1.365"/>
  <system-out/>
</testsuite> <!-- Api_Test_Validations.Api_Testing_Validations -->
