<?xml version="1.0" encoding="UTF-8"?>
<!-- Generated by org.testng.reporters.JUnitReportReporter -->
<testsuite hostname="STIPL-SMBD0080" failures="0" tests="1" name="day6.SerializationAndDeSerialization" time="0.265" errors="0" timestamp="2024-10-23T13:30:40 IST" skipped="0">
  <testcase classname="day6.SerializationAndDeSerialization" name="Convertjson2Pojo" time="0.265"/>
  <system-out/>
</testsuite> <!-- day6.SerializationAndDeSerialization -->
