<?xml version="1.0" encoding="UTF-8"?>
<!-- Generated by org.testng.reporters.JUnitReportReporter -->
<testsuite hostname="STIPL-SMBD0080" failures="0" tests="1" name="Api_Validations.Validations" time="1.321" errors="0" timestamp="2024-10-24T16:48:38 IST" skipped="0">
  <testcase classname="Api_Validations.Validations" name="testApi" time="1.321"/>
  <system-out/>
</testsuite> <!-- Api_Validations.Validations -->
