<?xml version="1.0" encoding="UTF-8"?>
<!-- Generated by org.testng.reporters.JUnitReportReporter -->
<testsuite hostname="STIPL-SMBD0080" failures="0" tests="1" name="day7.FakerDummyDataGenerate" time="0.424" errors="0" timestamp="2024-10-23T17:43:33 IST" skipped="0">
  <testcase classname="day7.FakerDummyDataGenerate" name="testGenerateDummyData" time="0.424"/>
  <system-out/>
</testsuite> <!-- day7.FakerDummyDataGenerate -->
