<?xml version="1.0" encoding="UTF-8"?>
<!-- Generated by org.testng.reporters.JUnitReportReporter -->
<testsuite hostname="STIPL-SMBD0080" failures="0" tests="1" name="day8.Delete_student" time="0.042" errors="0" timestamp="2024-10-24T14:22:31 IST" skipped="0">
  <testcase classname="day8.Delete_student" name="test_delete_Student" time="0.042"/>
  <system-out/>
</testsuite> <!-- day8.Delete_student -->
