<?xml version="1.0" encoding="UTF-8"?>
<!-- Generated by org.testng.reporters.JUnitReportReporter -->
<testsuite hostname="STIPL-SMBD0080" failures="0" tests="1" name="day3.PathQuerry_Parameters" time="1.965" errors="0" timestamp="2024-10-22T13:18:10 IST" skipped="0">
  <testcase classname="day3.PathQuerry_Parameters" name="testpathAndQuerryParameters" time="1.965"/>
  <system-out/>
</testsuite> <!-- day3.PathQuerry_Parameters -->
