<?xml version="1.0" encoding="UTF-8"?>
<!-- Generated by org.testng.reporters.JUnitReportReporter -->
<testsuite hostname="STIPL-SMBD0080" failures="0" tests="1" name="day4.ParsingJsonResponseData" time="1.358" errors="0" timestamp="2024-10-24T11:44:30 IST" skipped="0">
  <testcase classname="day4.ParsingJsonResponseData" name="test_jsonResponseBodyData" time="1.358"/>
  <system-out/>
</testsuite> <!-- day4.ParsingJsonResponseData -->
